<?xml version="1.0" encoding="UTF-8"?>
<testsuite name="zohoTestSuite" failures="0" tests="7" time="56.643" errors="0">
  <properties/>
  <testcase name="testZoho_a_login on instance null(zohoTestSuite)" time="9.578" classname="zohoTestSuite"/>
  <testcase name="testZoho_b_input on instance null(zohoTestSuite)" time="3.829" classname="zohoTestSuite"/>
  <testcase name="testZoho_b_input on instance null(zohoTestSuite)" time="2.391" classname="zohoTestSuite"/>
  <testcase name="testZoho_b_input on instance null(zohoTestSuite)" time="2.609" classname="zohoTestSuite"/>
  <testcase name="testZoho_c_validate on instance null(zohoTestSuite)" time="2.828" classname="zohoTestSuite"/>
  <testcase name="testZoho_c_validate on instance null(zohoTestSuite)" time="3.313" classname="zohoTestSuite"/>
  <testcase name="testZoho_c_validate on instance null(zohoTestSuite)" time="3.266" classname="zohoTestSuite"/>
</testsuite>
